Using pre-set license
Built from '2020.2/release' branch; Version is '2020.2.1f1 (270dd8c3da1c) revision 2559448'; Using compiler version '192528614'; Build Type 'Release'
OS: 'Windows 10  (10.0.0) 64bit' Language: 'es' Physical Memory: 32693 MB
BatchMode: 1, IsHumanControllingUs: 0, StartBugReporterOnCrash: 0, Is64bit: 1, IsPro: 0

 COMMAND LINE ARGUMENTS:
C:\Program Files\Unity\Hub\Editor\2020.2.1f1\Editor\Unity.exe
-adb2
-batchMode
-noUpm
-name
AssetImportWorker1
-projectPath
C:/Users/migue/Documents/GitHub/Blaster.Unity/Blaster.Unity
-logFile
Logs/AssetImportWorker1.log
-srvPort
50395
Successfully changed project path to: C:/Users/migue/Documents/GitHub/Blaster.Unity/Blaster.Unity
C:/Users/migue/Documents/GitHub/Blaster.Unity/Blaster.Unity
Using Asset Import Pipeline V2.
Refreshing native plugins compatible for Editor in 104.91 ms, found 4 plugins.
Preloading 0 native plugins for Editor in 0.00 ms.
Initialize engine version: 2020.2.1f1 (270dd8c3da1c)
[Subsystems] Discovering subsystems at path C:/Program Files/Unity/Hub/Editor/2020.2.1f1/Editor/Data/Resources/UnitySubsystems
[Subsystems] Discovering subsystems at path C:/Users/migue/Documents/GitHub/Blaster.Unity/Blaster.Unity/Assets
GfxDevice: creating device client; threaded=0
Direct3D:
    Version:  Direct3D 11.0 [level 11.1]
    Renderer: NVIDIA GeForce RTX 2070 SUPER (ID=0x1e84)
    Vendor:   
    VRAM:     8011 MB
    Driver:   27.21.14.5671
Shader 'Universal Render Pipeline/Particles/Lit': fallback shader 'Universal Render Pipeline/Particles/SimpleLit' not found
Shader 'Hidden/AstarPathfindingProject/Navmesh Outline': fallback shader 'None' not found
Initialize mono
Mono path[0] = 'C:/Program Files/Unity/Hub/Editor/2020.2.1f1/Editor/Data/Managed'
Mono path[1] = 'C:/Program Files/Unity/Hub/Editor/2020.2.1f1/Editor/Data/MonoBleedingEdge/lib/mono/unityjit'
Mono config path = 'C:/Program Files/Unity/Hub/Editor/2020.2.1f1/Editor/Data/MonoBleedingEdge/etc'
Using monoOptions --debugger-agent=transport=dt_socket,embedding=1,server=y,suspend=n,address=127.0.0.1:56184
Begin MonoManager ReloadAssembly
Registering precompiled unity dll's ...
Register platform support module: C:/Program Files/Unity/Hub/Editor/2020.2.1f1/Editor/Data/PlaybackEngines/WindowsStandaloneSupport/UnityEditor.WindowsStandalone.Extensions.dll
Registered in 0.001233 seconds.
Native extension for WindowsStandalone target not found
Refreshing native plugins compatible for Editor in 88.06 ms, found 4 plugins.
Preloading 0 native plugins for Editor in 0.00 ms.
Invoked RoslynAnalysisRunner static constructor.
RoslynAnalysisRunner will not be running.
RoslynAnalysisRunner has terminated.
Mono: successfully reloaded assembly
- Completed reload, in  0.811 seconds
Platform modules already initialized, skipping
Registering precompiled user dll's ...
Registered in 0.013656 seconds.
Begin MonoManager ReloadAssembly
Native extension for WindowsStandalone target not found
Refreshing native plugins compatible for Editor in 101.12 ms, found 4 plugins.
Preloading 0 native plugins for Editor in 0.00 ms.
(AutoPlayFirstSceneAtStartOfGame) constructor called, scene count: 1
UnityEngine.StackTraceUtility:ExtractStackTrace ()
UnityEngine.DebugLogHandler:LogFormat (UnityEngine.LogType,UnityEngine.Object,string,object[])
UnityEngine.Logger:Log (UnityEngine.LogType,object)
UnityEngine.Debug:Log (object)
BlueOrb.Editor.AutoPlayFirstSceneAtStartOfGame:.cctor () (at C:/Projects/Blaster.Source/src/BlueOrb.Editor/AutoPlayFirstSceneAtStartOfGame.cs:18)
System.Runtime.CompilerServices.RuntimeHelpers:RunClassConstructor (System.RuntimeTypeHandle)
UnityEditor.EditorAssemblies:ProcessInitializeOnLoadAttributes (System.Type[])

(Filename: C:/Projects/Blaster.Source/src/BlueOrb.Editor/AutoPlayFirstSceneAtStartOfGame.cs Line: 18)

(AutoPlayFirstSceneAtStartOfGame) Setting next scene to 
UnityEngine.StackTraceUtility:ExtractStackTrace ()
UnityEngine.DebugLogHandler:LogFormat (UnityEngine.LogType,UnityEngine.Object,string,object[])
UnityEngine.Logger:Log (UnityEngine.LogType,object)
UnityEngine.Debug:Log (object)
BlueOrb.Editor.AutoPlayFirstSceneAtStartOfGame:.cctor () (at C:/Projects/Blaster.Source/src/BlueOrb.Editor/AutoPlayFirstSceneAtStartOfGame.cs:52)
System.Runtime.CompilerServices.RuntimeHelpers:RunClassConstructor (System.RuntimeTypeHandle)
UnityEditor.EditorAssemblies:ProcessInitializeOnLoadAttributes (System.Type[])

(Filename: C:/Projects/Blaster.Source/src/BlueOrb.Editor/AutoPlayFirstSceneAtStartOfGame.cs Line: 52)

(AutoPlayFirstSceneAtStartOfGame) playModeStartScene = Assets/Blaster Assets/_Scenes/Base/Game Controller.unity
UnityEngine.StackTraceUtility:ExtractStackTrace ()
UnityEngine.DebugLogHandler:LogFormat (UnityEngine.LogType,UnityEngine.Object,string,object[])
UnityEngine.Logger:Log (UnityEngine.LogType,object)
UnityEngine.Debug:Log (object)
BlueOrb.Editor.AutoPlayFirstSceneAtStartOfGame:.cctor () (at C:/Projects/Blaster.Source/src/BlueOrb.Editor/AutoPlayFirstSceneAtStartOfGame.cs:53)
System.Runtime.CompilerServices.RuntimeHelpers:RunClassConstructor (System.RuntimeTypeHandle)
UnityEditor.EditorAssemblies:ProcessInitializeOnLoadAttributes (System.Type[])

(Filename: C:/Projects/Blaster.Source/src/BlueOrb.Editor/AutoPlayFirstSceneAtStartOfGame.cs Line: 53)

Invoked RoslynAnalysisRunner static constructor.
RoslynAnalysisRunner will not be running.
RoslynAnalysisRunner has terminated.
Mono: successfully reloaded assembly
- Completed reload, in  3.802 seconds
Platform modules already initialized, skipping
========================================================================
Worker process is ready to serve import requests
Shader 'Universal Render Pipeline/Particles/Lit': fallback shader 'Universal Render Pipeline/Particles/SimpleLit' not found
Shader 'Hidden/AstarPathfindingProject/Navmesh Outline': fallback shader 'None' not found
Launched and connected shader compiler UnityShaderCompiler.exe after 0.04 seconds
Refreshing native plugins compatible for Editor in 1.15 ms, found 4 plugins.
Preloading 0 native plugins for Editor in 0.00 ms.
Unloading 5493 Unused Serialized files (Serialized files now loaded: 0)
System memory in use before: 267.5 MB.
System memory in use after: 267.7 MB.

Unloading 58 unused Assets to reduce memory usage. Loaded Objects now: 6179.
Total: 3.060900 ms (FindLiveObjects: 0.593000 ms CreateObjectMapping: 0.378500 ms MarkObjects: 1.973200 ms  DeleteObjects: 0.115000 ms)

========================================================================
Received Import Request.
  path: Assets/Blaster Assets/Environments/Castle/DioramaScene/CastleDiorama.unity
  artifactKey: Guid(9077b24548dedba4cbaf499152710c0d) Importer(815301076,1909f56bfc062723c751e8b465ee728b)
Start importing Assets/Blaster Assets/Environments/Castle/DioramaScene/CastleDiorama.unity using Guid(9077b24548dedba4cbaf499152710c0d) Importer(815301076,1909f56bfc062723c751e8b465ee728b)  -> (artifact id: '31f4d26c573f14dff9260cf7792f6785') in 0.020294 seconds
  Import took 0.028985 seconds .

========================================================================
Received Import Request.
  Time since last request: 0.000253 seconds.
  path: Assets/Blaster Assets/Environments/Castle/DioramaScene
  artifactKey: Guid(5c3a5deac83b9e84aaba8a33c6d80d6b) Importer(815301076,1909f56bfc062723c751e8b465ee728b)
Start importing Assets/Blaster Assets/Environments/Castle/DioramaScene using Guid(5c3a5deac83b9e84aaba8a33c6d80d6b) Importer(815301076,1909f56bfc062723c751e8b465ee728b)  -> (artifact id: 'd94ce5394cccac936596a2a962ae904c') in 0.005653 seconds
  Import took 0.014216 seconds .

========================================================================
Received Import Request.
  Time since last request: 0.000188 seconds.
  path: Assets/Blaster Assets/Environments/Castle/HDRI_Castle.mat
  artifactKey: Guid(416ac1035bddbd448b411a6c76349c6a) Importer(815301076,1909f56bfc062723c751e8b465ee728b)
Start importing Assets/Blaster Assets/Environments/Castle/HDRI_Castle.mat using Guid(416ac1035bddbd448b411a6c76349c6a) Importer(815301076,1909f56bfc062723c751e8b465ee728b)  -> (artifact id: '5c8aca01dab39c5de432cc314eb8c837') in 0.142697 seconds
  Import took 0.151109 seconds .

========================================================================
Received Import Request.
  Time since last request: 412.527037 seconds.
  path: Assets/Blaster Assets/Environments/Ice Environment/Textures/BOG_IceCaveWall_height.png
  artifactKey: Guid(cd543fee86164f442a9bd6e3a479e6b7) Importer(815301076,1909f56bfc062723c751e8b465ee728b)
Start importing Assets/Blaster Assets/Environments/Ice Environment/Textures/BOG_IceCaveWall_height.png using Guid(cd543fee86164f442a9bd6e3a479e6b7) Importer(815301076,1909f56bfc062723c751e8b465ee728b)  -> (artifact id: '999a9edfce61b406df1aa9faa32e7154') in 0.049440 seconds
  Import took 0.059481 seconds .

========================================================================
Received Import Request.
  Time since last request: 0.000164 seconds.
  path: Assets/Blaster Assets/Environments/Ice Environment/Textures/BOG_IceCaveWall_normal.png
  artifactKey: Guid(d256d88a8dbf29147a848e9f60bfe767) Importer(815301076,1909f56bfc062723c751e8b465ee728b)
Start importing Assets/Blaster Assets/Environments/Ice Environment/Textures/BOG_IceCaveWall_normal.png using Guid(d256d88a8dbf29147a848e9f60bfe767) Importer(815301076,1909f56bfc062723c751e8b465ee728b)  -> (artifact id: '566c68475d7b3fe2cde708e4e448f106') in 0.021585 seconds
  Import took 0.029422 seconds .

========================================================================
Received Import Request.
  Time since last request: 0.000187 seconds.
  path: Assets/Blaster Assets/Environments/Ice Environment/Textures/BOG_IcePlatform_height.png
  artifactKey: Guid(0b6e5f3f8e35f324683f2f7a016e232f) Importer(815301076,1909f56bfc062723c751e8b465ee728b)
Start importing Assets/Blaster Assets/Environments/Ice Environment/Textures/BOG_IcePlatform_height.png using Guid(0b6e5f3f8e35f324683f2f7a016e232f) Importer(815301076,1909f56bfc062723c751e8b465ee728b)  -> (artifact id: 'a7e7ad75641263753bc675fa5c5441d9') in 0.022250 seconds
  Import took 0.030474 seconds .

========================================================================
Received Import Request.
  Time since last request: 0.000184 seconds.
  path: Assets/Blaster Assets/Environments/Ice Environment/Textures/BOG_IceCaveWall_MRAOE_Mask.png
  artifactKey: Guid(fe47415dc9d96cf409747e450d9941a3) Importer(815301076,1909f56bfc062723c751e8b465ee728b)
Start importing Assets/Blaster Assets/Environments/Ice Environment/Textures/BOG_IceCaveWall_MRAOE_Mask.png using Guid(fe47415dc9d96cf409747e450d9941a3) Importer(815301076,1909f56bfc062723c751e8b465ee728b)  -> (artifact id: '714e0fbbfca77f312329e89b5e03e98c') in 0.031631 seconds
  Import took 0.039555 seconds .

========================================================================
Received Import Request.
  Time since last request: 0.000164 seconds.
  path: Assets/Blaster Assets/Environments/Ice Environment/Textures/BOG_IcePlatform_basecolor.png
  artifactKey: Guid(cdedd65760fe12a47aa60717430f9460) Importer(815301076,1909f56bfc062723c751e8b465ee728b)
Start importing Assets/Blaster Assets/Environments/Ice Environment/Textures/BOG_IcePlatform_basecolor.png using Guid(cdedd65760fe12a47aa60717430f9460) Importer(815301076,1909f56bfc062723c751e8b465ee728b)  -> (artifact id: '73cc1056a9bc8326c1815d75f057be6f') in 0.021355 seconds
  Import took 0.029805 seconds .

========================================================================
Received Import Request.
  Time since last request: 0.000171 seconds.
  path: Assets/Blaster Assets/Environments/Ice Environment/Textures/BOG_Stalagtite_MRAOE_Mask.png
  artifactKey: Guid(4525d4bccebeb1d439a48b90a11906ef) Importer(815301076,1909f56bfc062723c751e8b465ee728b)
Start importing Assets/Blaster Assets/Environments/Ice Environment/Textures/BOG_Stalagtite_MRAOE_Mask.png using Guid(4525d4bccebeb1d439a48b90a11906ef) Importer(815301076,1909f56bfc062723c751e8b465ee728b)  -> (artifact id: 'b8bcda14e7af97fefe9f5536412365ea') in 0.028028 seconds
  Import took 0.035568 seconds .

========================================================================
Received Import Request.
  Time since last request: 0.000160 seconds.
  path: Assets/Blaster Assets/Environments/Ice Environment/Textures/BOG_IceLakeFloor_height.png
  artifactKey: Guid(4ca4513019004944991c871a761740f1) Importer(815301076,1909f56bfc062723c751e8b465ee728b)
Start importing Assets/Blaster Assets/Environments/Ice Environment/Textures/BOG_IceLakeFloor_height.png using Guid(4ca4513019004944991c871a761740f1) Importer(815301076,1909f56bfc062723c751e8b465ee728b)  -> (artifact id: '0c4ed816ec5afbbe200d2edf36c681cf') in 0.021851 seconds
  Import took 0.030835 seconds .

========================================================================
Received Import Request.
  Time since last request: 0.000149 seconds.
  path: Assets/Blaster Assets/Environments/Ice Environment/Textures/BOG_IcePlatform_MRAOE_Mask.png
  artifactKey: Guid(fc3a21b38cc47784b84df552c909e456) Importer(815301076,1909f56bfc062723c751e8b465ee728b)
Start importing Assets/Blaster Assets/Environments/Ice Environment/Textures/BOG_IcePlatform_MRAOE_Mask.png using Guid(fc3a21b38cc47784b84df552c909e456) Importer(815301076,1909f56bfc062723c751e8b465ee728b)  -> (artifact id: 'dcda9098296ff1cebfa4b5372170383a') in 0.028153 seconds
  Import took 0.036673 seconds .

========================================================================
Received Import Request.
  Time since last request: 0.000161 seconds.
  path: Assets/Blaster Assets/Environments/Ice Environment/Textures/BOG_Stalagtite_basecolor.png
  artifactKey: Guid(1ec5a299a80ae1a49bad0c24df0dbab1) Importer(815301076,1909f56bfc062723c751e8b465ee728b)
Start importing Assets/Blaster Assets/Environments/Ice Environment/Textures/BOG_Stalagtite_basecolor.png using Guid(1ec5a299a80ae1a49bad0c24df0dbab1) Importer(815301076,1909f56bfc062723c751e8b465ee728b)  -> (artifact id: 'e2493b8257a642dcc366c43f91f8e453') in 0.031703 seconds
  Import took 0.040264 seconds .

========================================================================
Received Import Request.
  Time since last request: 0.000148 seconds.
  path: Assets/Blaster Assets/Environments/Ice Environment/Textures/BOG_IceLakeFloor_normal.png
  artifactKey: Guid(9129702b9feeec4499330e7837aeaa92) Importer(815301076,1909f56bfc062723c751e8b465ee728b)
Start importing Assets/Blaster Assets/Environments/Ice Environment/Textures/BOG_IceLakeFloor_normal.png using Guid(9129702b9feeec4499330e7837aeaa92) Importer(815301076,1909f56bfc062723c751e8b465ee728b)  -> (artifact id: 'eacd9686cb2e6393094349375d92ef68') in 0.023503 seconds
  Import took 0.031742 seconds .

========================================================================
Received Import Request.
  Time since last request: 0.000156 seconds.
  path: Assets/Blaster Assets/Environments/Ice Environment/Textures/BOG_Stalagtite_height.png
  artifactKey: Guid(297206828c3ea3640b0d205d2785ad12) Importer(815301076,1909f56bfc062723c751e8b465ee728b)
Start importing Assets/Blaster Assets/Environments/Ice Environment/Textures/BOG_Stalagtite_height.png using Guid(297206828c3ea3640b0d205d2785ad12) Importer(815301076,1909f56bfc062723c751e8b465ee728b)  -> (artifact id: 'dea004ca63641406836ba8c07a35c814') in 0.021017 seconds
  Import took 0.029337 seconds .

========================================================================
Received Import Request.
  Time since last request: 0.000145 seconds.
  path: Assets/Blaster Assets/Environments/Ice Environment/Textures/BOG_IceLakeFloor_basecolor.png
  artifactKey: Guid(c2921f50948b3034782eddb475ff38be) Importer(815301076,1909f56bfc062723c751e8b465ee728b)
Start importing Assets/Blaster Assets/Environments/Ice Environment/Textures/BOG_IceLakeFloor_basecolor.png using Guid(c2921f50948b3034782eddb475ff38be) Importer(815301076,1909f56bfc062723c751e8b465ee728b)  -> (artifact id: '9a9e32e12acb2bd6de87c9e052a19cc1') in 0.022019 seconds
  Import took 0.030147 seconds .

========================================================================
Received Import Request.
  Time since last request: 0.000219 seconds.
  path: Assets/Blaster Assets/Environments/Ice Environment/Textures/BOG_IceLakeFloor_MRAOE_Mask.png
  artifactKey: Guid(6b3f1af7f60cc5742be7a91e1845bb87) Importer(815301076,1909f56bfc062723c751e8b465ee728b)
Start importing Assets/Blaster Assets/Environments/Ice Environment/Textures/BOG_IceLakeFloor_MRAOE_Mask.png using Guid(6b3f1af7f60cc5742be7a91e1845bb87) Importer(815301076,1909f56bfc062723c751e8b465ee728b)  -> (artifact id: 'f13c127f4f5d7643da88f23ae54b4b4b') in 0.026169 seconds
  Import took 0.034241 seconds .

========================================================================
Received Import Request.
  Time since last request: 16.570099 seconds.
  path: Assets/Blaster Assets/Environments/Lava
  artifactKey: Guid(cc5e6f6ed8fdcc14d9b06fe38d9ee92e) Importer(815301076,1909f56bfc062723c751e8b465ee728b)
Start importing Assets/Blaster Assets/Environments/Lava using Guid(cc5e6f6ed8fdcc14d9b06fe38d9ee92e) Importer(815301076,1909f56bfc062723c751e8b465ee728b)  -> (artifact id: '8b9b5d6d5dcb78a733ef10a8af455781') in 0.005763 seconds
  Import took 0.014453 seconds .

========================================================================
Received Import Request.
  Time since last request: 56.694328 seconds.
  path: Assets/Blaster Assets/VFX/LavaEnvironment/Textures/TexturesCom_Rock_Lava_1K_height.tif
  artifactKey: Guid(716ae42803f14c54d888e158a29e87c2) Importer(815301076,1909f56bfc062723c751e8b465ee728b)
Start importing Assets/Blaster Assets/VFX/LavaEnvironment/Textures/TexturesCom_Rock_Lava_1K_height.tif using Guid(716ae42803f14c54d888e158a29e87c2) Importer(815301076,1909f56bfc062723c751e8b465ee728b)  -> (artifact id: '6ebbaa36f2e7d2ee20a1579c2f89f94f') in 0.017462 seconds
  Import took 0.025538 seconds .

========================================================================
Received Import Request.
  Time since last request: 0.000255 seconds.
  path: Assets/Blaster Assets/VFX/LavaEnvironment/Textures/TexturesCom_Rock_Lava_1K_mask.tif
  artifactKey: Guid(2dbe7e75225e2d1419dda15748a0f7f3) Importer(815301076,1909f56bfc062723c751e8b465ee728b)
Start importing Assets/Blaster Assets/VFX/LavaEnvironment/Textures/TexturesCom_Rock_Lava_1K_mask.tif using Guid(2dbe7e75225e2d1419dda15748a0f7f3) Importer(815301076,1909f56bfc062723c751e8b465ee728b)  -> (artifact id: '264ecf08d5d131b8c5818a7a08aa1ea1') in 0.015918 seconds
  Import took 0.023658 seconds .

========================================================================
Received Import Request.
  Time since last request: 0.000205 seconds.
  path: Assets/Blaster Assets/VFX/LavaEnvironment/Textures/TexturesCom_Rock_Lava_1K_normal.tif
  artifactKey: Guid(112d299684d94374296204966dc8c61f) Importer(815301076,1909f56bfc062723c751e8b465ee728b)
Start importing Assets/Blaster Assets/VFX/LavaEnvironment/Textures/TexturesCom_Rock_Lava_1K_normal.tif using Guid(112d299684d94374296204966dc8c61f) Importer(815301076,1909f56bfc062723c751e8b465ee728b)  -> (artifact id: '9807e8e49e8926f931a64d262e464445') in 0.017109 seconds
  Import took 0.025170 seconds .

AssetImportWorkerClient::OnTransportError - code=2 error=End of file
