Using pre-set license
Built from '2020.2/release' branch; Version is '2020.2.1f1 (270dd8c3da1c) revision 2559448'; Using compiler version '192528614'; Build Type 'Release'
OS: 'Windows 10  (10.0.0) 64bit' Language: 'es' Physical Memory: 32693 MB
BatchMode: 1, IsHumanControllingUs: 0, StartBugReporterOnCrash: 0, Is64bit: 1, IsPro: 0

 COMMAND LINE ARGUMENTS:
C:\Program Files\Unity\Hub\Editor\2020.2.1f1\Editor\Unity.exe
-adb2
-batchMode
-noUpm
-name
AssetImportWorker0
-projectPath
C:/Users/migue/Documents/GitHub/Blaster.Unity/Blaster.Unity
-logFile
Logs/AssetImportWorker0.log
-srvPort
55233
Successfully changed project path to: C:/Users/migue/Documents/GitHub/Blaster.Unity/Blaster.Unity
C:/Users/migue/Documents/GitHub/Blaster.Unity/Blaster.Unity
Using Asset Import Pipeline V2.
Refreshing native plugins compatible for Editor in 62.07 ms, found 1 plugins.
Preloading 0 native plugins for Editor in 0.00 ms.
Initialize engine version: 2020.2.1f1 (270dd8c3da1c)
[Subsystems] Discovering subsystems at path C:/Program Files/Unity/Hub/Editor/2020.2.1f1/Editor/Data/Resources/UnitySubsystems
[Subsystems] Discovering subsystems at path C:/Users/migue/Documents/GitHub/Blaster.Unity/Blaster.Unity/Assets
GfxDevice: creating device client; threaded=0
Direct3D:
    Version:  Direct3D 11.0 [level 11.1]
    Renderer: NVIDIA GeForce RTX 2070 SUPER (ID=0x1e84)
    Vendor:   
    VRAM:     8011 MB
    Driver:   27.21.14.5148
Shader 'Universal Render Pipeline/Particles/Lit': fallback shader 'Universal Render Pipeline/Particles/SimpleLit' not found
Shader 'Hidden/AstarPathfindingProject/Navmesh Outline': fallback shader 'None' not found
Initialize mono
Mono path[0] = 'C:/Program Files/Unity/Hub/Editor/2020.2.1f1/Editor/Data/Managed'
Mono path[1] = 'C:/Program Files/Unity/Hub/Editor/2020.2.1f1/Editor/Data/MonoBleedingEdge/lib/mono/unityjit'
Mono config path = 'C:/Program Files/Unity/Hub/Editor/2020.2.1f1/Editor/Data/MonoBleedingEdge/etc'
Using monoOptions --debugger-agent=transport=dt_socket,embedding=1,server=y,suspend=n,address=127.0.0.1:56720
Begin MonoManager ReloadAssembly
Registering precompiled unity dll's ...
Register platform support module: C:/Program Files/Unity/Hub/Editor/2020.2.1f1/Editor/Data/PlaybackEngines/WindowsStandaloneSupport/UnityEditor.WindowsStandalone.Extensions.dll
Registered in 0.001366 seconds.
Native extension for WindowsStandalone target not found
Refreshing native plugins compatible for Editor in 59.70 ms, found 1 plugins.
Preloading 0 native plugins for Editor in 0.00 ms.
Invoked RoslynAnalysisRunner static constructor.
RoslynAnalysisRunner will not be running.
RoslynAnalysisRunner has terminated.
Mono: successfully reloaded assembly
- Completed reload, in  0.752 seconds
Platform modules already initialized, skipping
Registering precompiled user dll's ...
Registered in 0.011571 seconds.
Begin MonoManager ReloadAssembly
Native extension for WindowsStandalone target not found
Refreshing native plugins compatible for Editor in 60.25 ms, found 1 plugins.
Preloading 0 native plugins for Editor in 0.00 ms.
(AutoPlayFirstSceneAtStartOfGame) constructor called, scene count: 1
UnityEngine.StackTraceUtility:ExtractStackTrace ()
UnityEngine.DebugLogHandler:LogFormat (UnityEngine.LogType,UnityEngine.Object,string,object[])
UnityEngine.Logger:Log (UnityEngine.LogType,object)
UnityEngine.Debug:Log (object)
BlueOrb.Editor.AutoPlayFirstSceneAtStartOfGame:.cctor () (at C:/Projects/Blaster.Source/src/BlueOrb.Editor/AutoPlayFirstSceneAtStartOfGame.cs:18)
System.Runtime.CompilerServices.RuntimeHelpers:RunClassConstructor (System.RuntimeTypeHandle)
UnityEditor.EditorAssemblies:ProcessInitializeOnLoadAttributes (System.Type[])

(Filename: C:/Projects/Blaster.Source/src/BlueOrb.Editor/AutoPlayFirstSceneAtStartOfGame.cs Line: 18)

(AutoPlayFirstSceneAtStartOfGame) Setting next scene to 
UnityEngine.StackTraceUtility:ExtractStackTrace ()
UnityEngine.DebugLogHandler:LogFormat (UnityEngine.LogType,UnityEngine.Object,string,object[])
UnityEngine.Logger:Log (UnityEngine.LogType,object)
UnityEngine.Debug:Log (object)
BlueOrb.Editor.AutoPlayFirstSceneAtStartOfGame:.cctor () (at C:/Projects/Blaster.Source/src/BlueOrb.Editor/AutoPlayFirstSceneAtStartOfGame.cs:52)
System.Runtime.CompilerServices.RuntimeHelpers:RunClassConstructor (System.RuntimeTypeHandle)
UnityEditor.EditorAssemblies:ProcessInitializeOnLoadAttributes (System.Type[])

(Filename: C:/Projects/Blaster.Source/src/BlueOrb.Editor/AutoPlayFirstSceneAtStartOfGame.cs Line: 52)

(AutoPlayFirstSceneAtStartOfGame) playModeStartScene = Assets/Blaster Assets/_Scenes/Base/Game Controller.unity
UnityEngine.StackTraceUtility:ExtractStackTrace ()
UnityEngine.DebugLogHandler:LogFormat (UnityEngine.LogType,UnityEngine.Object,string,object[])
UnityEngine.Logger:Log (UnityEngine.LogType,object)
UnityEngine.Debug:Log (object)
BlueOrb.Editor.AutoPlayFirstSceneAtStartOfGame:.cctor () (at C:/Projects/Blaster.Source/src/BlueOrb.Editor/AutoPlayFirstSceneAtStartOfGame.cs:53)
System.Runtime.CompilerServices.RuntimeHelpers:RunClassConstructor (System.RuntimeTypeHandle)
UnityEditor.EditorAssemblies:ProcessInitializeOnLoadAttributes (System.Type[])

(Filename: C:/Projects/Blaster.Source/src/BlueOrb.Editor/AutoPlayFirstSceneAtStartOfGame.cs Line: 53)

Invoked RoslynAnalysisRunner static constructor.
RoslynAnalysisRunner will not be running.
RoslynAnalysisRunner has terminated.
Mono: successfully reloaded assembly
- Completed reload, in  0.905 seconds
Platform modules already initialized, skipping
========================================================================
Worker process is ready to serve import requests
Shader 'Hidden/AstarPathfindingProject/Navmesh Outline': fallback shader 'None' not found
Shader 'Universal Render Pipeline/Particles/Lit': fallback shader 'Universal Render Pipeline/Particles/SimpleLit' not found
Launched and connected shader compiler UnityShaderCompiler.exe after 0.02 seconds
Refreshing native plugins compatible for Editor in 0.84 ms, found 1 plugins.
Preloading 0 native plugins for Editor in 0.00 ms.
Unloading 4549 Unused Serialized files (Serialized files now loaded: 0)
System memory in use before: 187.2 MB.
System memory in use after: 187.4 MB.

Unloading 51 unused Assets to reduce memory usage. Loaded Objects now: 5228.
Total: 2.452600 ms (FindLiveObjects: 0.461700 ms CreateObjectMapping: 0.233500 ms MarkObjects: 1.698100 ms  DeleteObjects: 0.058500 ms)

========================================================================
Received Import Request.
  path: Assets/Settings/ForwardRenderer.asset
  artifactKey: Guid(4a8e21d5c33334b11b34a596161b9360) Importer(815301076,1909f56bfc062723c751e8b465ee728b)
Start importing Assets/Settings/ForwardRenderer.asset using Guid(4a8e21d5c33334b11b34a596161b9360) Importer(815301076,1909f56bfc062723c751e8b465ee728b)  -> (artifact id: '18e68e961074d7910d63eabd81d9eef1') in 0.025475 seconds
  Import took 0.031133 seconds .

========================================================================
Received Import Request.
  Time since last request: 18.522619 seconds.
  path: Assets/Blaster Assets/Shaders
  artifactKey: Guid(9ba6b979960e7fd4ea4251811dd0d5c6) Importer(815301076,1909f56bfc062723c751e8b465ee728b)
Start importing Assets/Blaster Assets/Shaders using Guid(9ba6b979960e7fd4ea4251811dd0d5c6) Importer(815301076,1909f56bfc062723c751e8b465ee728b)  -> (artifact id: 'd68c550298299ea46f20cd9b6917df40') in 0.004808 seconds
  Import took 0.010526 seconds .

========================================================================
Received Import Request.
  Time since last request: 142.250980 seconds.
  path: Assets/AmplifyShaderEditor/AmplifyShaderEditor.asmdef
  artifactKey: Guid(f540dafdfbc0586439d98823585550d4) Importer(815301076,1909f56bfc062723c751e8b465ee728b)
Start importing Assets/AmplifyShaderEditor/AmplifyShaderEditor.asmdef using Guid(f540dafdfbc0586439d98823585550d4) Importer(815301076,1909f56bfc062723c751e8b465ee728b)  -> (artifact id: 'efebb951450e704f3b1fb8945dbc73c1') in 0.005240 seconds
  Import took 0.011261 seconds .

========================================================================
Received Import Request.
  Time since last request: 3.914969 seconds.
  path: Assets/AmplifyShaderEditor/Examples
  artifactKey: Guid(425c3aed47dd05444960ca41af18e591) Importer(815301076,1909f56bfc062723c751e8b465ee728b)
Start importing Assets/AmplifyShaderEditor/Examples using Guid(425c3aed47dd05444960ca41af18e591) Importer(815301076,1909f56bfc062723c751e8b465ee728b)  -> (artifact id: 'a7732ea439510ff30f712a65a8b53c4b') in 0.004656 seconds
  Import took 0.010328 seconds .

========================================================================
Received Import Request.
  Time since last request: 14.835009 seconds.
  path: Assets/AmplifyShaderEditor/Plugins/EditorResources
  artifactKey: Guid(0932db7ec1402c2489679c4b72eab5eb) Importer(815301076,1909f56bfc062723c751e8b465ee728b)
Start importing Assets/AmplifyShaderEditor/Plugins/EditorResources using Guid(0932db7ec1402c2489679c4b72eab5eb) Importer(815301076,1909f56bfc062723c751e8b465ee728b)  -> (artifact id: '446baf146e44e9e9b4048c026bd8753c') in 0.004841 seconds
  Import took 0.010842 seconds .

========================================================================
Received Import Request.
  Time since last request: 2.191419 seconds.
  path: Assets/AmplifyShaderEditor/Plugins/EditorResources/Templates
  artifactKey: Guid(211faf49d0bea6c4081e4e1135d19686) Importer(815301076,1909f56bfc062723c751e8b465ee728b)
Start importing Assets/AmplifyShaderEditor/Plugins/EditorResources/Templates using Guid(211faf49d0bea6c4081e4e1135d19686) Importer(815301076,1909f56bfc062723c751e8b465ee728b)  -> (artifact id: '33e55d951ecdab2ce4e3ca7b2afecd2e') in 0.004404 seconds
  Import took 0.010202 seconds .

========================================================================
Received Import Request.
  Time since last request: 7.666206 seconds.
  path: Assets/AmplifyShaderEditor/Plugins/EditorResources/Templates/USRPTemplates.unitypackage
  artifactKey: Guid(57fcea0ed8b5eb347923c4c21fa31b57) Importer(815301076,1909f56bfc062723c751e8b465ee728b)
Start importing Assets/AmplifyShaderEditor/Plugins/EditorResources/Templates/USRPTemplates.unitypackage using Guid(57fcea0ed8b5eb347923c4c21fa31b57) Importer(815301076,1909f56bfc062723c751e8b465ee728b)  -> (artifact id: 'a2c3f0b2cde33be9624770f08f7c3e72') in 0.021324 seconds
  Import took 0.027174 seconds .

========================================================================
Received Import Request.
  Time since last request: 19.946476 seconds.
  path: Assets/RQ Assets
  artifactKey: Guid(4212140ed0dc00e4e9013f331c346b05) Importer(815301076,1909f56bfc062723c751e8b465ee728b)
Start importing Assets/RQ Assets using Guid(4212140ed0dc00e4e9013f331c346b05) Importer(815301076,1909f56bfc062723c751e8b465ee728b)  -> (artifact id: 'ee1d0936ee48dc6b9f21662781009ede') in 0.004545 seconds
  Import took 0.010581 seconds .

========================================================================
Received Import Request.
  Time since last request: 1.295000 seconds.
  path: Assets/RQ Assets/Shaders
  artifactKey: Guid(5f5dfd679ea848b4ba4e91186849aa32) Importer(815301076,1909f56bfc062723c751e8b465ee728b)
Start importing Assets/RQ Assets/Shaders using Guid(5f5dfd679ea848b4ba4e91186849aa32) Importer(815301076,1909f56bfc062723c751e8b465ee728b)  -> (artifact id: 'bff80cc23f07b0d01d016ce1b508a394') in 0.004862 seconds
  Import took 0.010980 seconds .

========================================================================
Received Import Request.
  Time since last request: 1.113989 seconds.
  path: Assets/RQ Assets/Shaders/Main Shaders
  artifactKey: Guid(10610b083de2cc94688b672318af16ef) Importer(815301076,1909f56bfc062723c751e8b465ee728b)
Start importing Assets/RQ Assets/Shaders/Main Shaders using Guid(10610b083de2cc94688b672318af16ef) Importer(815301076,1909f56bfc062723c751e8b465ee728b)  -> (artifact id: 'a7b77f0813a70751872d5d9c1b3d84f0') in 0.004574 seconds
  Import took 0.010924 seconds .

========================================================================
Received Import Request.
  Time since last request: 1.461399 seconds.
  path: Assets/RQ Assets/Shaders/Main Shaders/Dissolve Shader.shader
  artifactKey: Guid(7af7228bb16f577438be72a6e191a434) Importer(815301076,1909f56bfc062723c751e8b465ee728b)
Start importing Assets/RQ Assets/Shaders/Main Shaders/Dissolve Shader.shader using Guid(7af7228bb16f577438be72a6e191a434) Importer(815301076,1909f56bfc062723c751e8b465ee728b)  -> (artifact id: 'a390efe8760d3d51973bfef279e3d561') in 0.007677 seconds
  Import took 0.013492 seconds .

========================================================================
Received Import Request.
  Time since last request: 0.000633 seconds.
  path: Assets/RQ Assets/Shaders/Main Shaders/Dissolve Shader.shader
  artifactKey: Guid(7af7228bb16f577438be72a6e191a434) Importer(815301076,1909f56bfc062723c751e8b465ee728b)
Start importing Assets/RQ Assets/Shaders/Main Shaders/Dissolve Shader.shader using Guid(7af7228bb16f577438be72a6e191a434) Importer(815301076,1909f56bfc062723c751e8b465ee728b)  -> (artifact id: 'a390efe8760d3d51973bfef279e3d561') in 0.002652 seconds
  Import took 0.008326 seconds .

========================================================================
Received Import Request.
  Time since last request: 1.282425 seconds.
  path: Assets/RQ Assets/Shaders/Main Shaders/MasterShader.shader
  artifactKey: Guid(d693a01606767a34dba9d887a9ed8211) Importer(815301076,1909f56bfc062723c751e8b465ee728b)
Start importing Assets/RQ Assets/Shaders/Main Shaders/MasterShader.shader using Guid(d693a01606767a34dba9d887a9ed8211) Importer(815301076,1909f56bfc062723c751e8b465ee728b)  -> (artifact id: '10958ac94b4a56539fc68ae2535ef04e') in 0.006357 seconds
  Import took 0.012913 seconds .

========================================================================
Received Import Request.
  Time since last request: 63.574858 seconds.
  path: Assets/AmplifyShaderEditor/Plugins
  artifactKey: Guid(3306ce0ede814a84c8d289893da72b7a) Importer(815301076,1909f56bfc062723c751e8b465ee728b)
Start importing Assets/AmplifyShaderEditor/Plugins using Guid(3306ce0ede814a84c8d289893da72b7a) Importer(815301076,1909f56bfc062723c751e8b465ee728b)  -> (artifact id: 'eadbebeb50452c3c3b79ce70b323ede0') in 0.004656 seconds
  Import took 0.010941 seconds .

========================================================================
Received Import Request.
  Time since last request: 28.954546 seconds.
  path: Assets/Blaster Assets/Shaders/New Shader Graph.shadergraph
  artifactKey: Guid(c7566a01566b97b40975fecc227951a8) Importer(815301076,1909f56bfc062723c751e8b465ee728b)
Start importing Assets/Blaster Assets/Shaders/New Shader Graph.shadergraph using Guid(c7566a01566b97b40975fecc227951a8) Importer(815301076,1909f56bfc062723c751e8b465ee728b)  -> (artifact id: '340a9641e603fe51d8d3bb6e27332c59') in 0.006768 seconds
  Import took 0.012546 seconds .

========================================================================
Received Import Request.
  Time since last request: 0.370934 seconds.
  path: Assets/Blaster Assets/Shaders/New Shader Graph.shadergraph
  artifactKey: Guid(c7566a01566b97b40975fecc227951a8) Importer(815301076,1909f56bfc062723c751e8b465ee728b)
Start importing Assets/Blaster Assets/Shaders/New Shader Graph.shadergraph using Guid(c7566a01566b97b40975fecc227951a8) Importer(815301076,1909f56bfc062723c751e8b465ee728b)  -> (artifact id: '340a9641e603fe51d8d3bb6e27332c59') in 0.002996 seconds
  Import took 0.009110 seconds .

========================================================================
Received Import Request.
  Time since last request: 60.945189 seconds.
  path: Assets/Blaster Assets/Shaders/NewUnlitShader.shader
  artifactKey: Guid(fe593a85339e7314eaa94d3116d8005c) Importer(815301076,1909f56bfc062723c751e8b465ee728b)
Start importing Assets/Blaster Assets/Shaders/NewUnlitShader.shader using Guid(fe593a85339e7314eaa94d3116d8005c) Importer(815301076,1909f56bfc062723c751e8b465ee728b)  -> (artifact id: '656b4576a5c763b23452818e0ccf6ebf') in 0.005631 seconds
  Import took 0.011884 seconds .

========================================================================
Received Import Request.
  Time since last request: 0.007529 seconds.
  path: Assets/Blaster Assets/Shaders/NewUnlitShader.shader
  artifactKey: Guid(fe593a85339e7314eaa94d3116d8005c) Importer(815301076,1909f56bfc062723c751e8b465ee728b)
Start importing Assets/Blaster Assets/Shaders/NewUnlitShader.shader using Guid(fe593a85339e7314eaa94d3116d8005c) Importer(815301076,1909f56bfc062723c751e8b465ee728b)  -> (artifact id: '656b4576a5c763b23452818e0ccf6ebf') in 0.002483 seconds
  Import took 0.008954 seconds .

========================================================================
Received Import Request.
  Time since last request: 18.310139 seconds.
  path: Packages/com.unity.render-pipelines.universal/Runtime/Materials/Lit.mat
  artifactKey: Guid(31321ba15b8f8eb4c954353edc038b1d) Importer(815301076,1909f56bfc062723c751e8b465ee728b)
Start importing Packages/com.unity.render-pipelines.universal/Runtime/Materials/Lit.mat using Guid(31321ba15b8f8eb4c954353edc038b1d) Importer(815301076,1909f56bfc062723c751e8b465ee728b)  -> (artifact id: 'ba3edffa4c92ac0bfb49391e51f5d258') in 0.133058 seconds
  Import took 0.139395 seconds .

========================================================================
Received Import Request.
  Time since last request: 0.000200 seconds.
  path: Packages/com.unity.render-pipelines.universal/Runtime/Materials/ParticlesUnlit.mat
  artifactKey: Guid(e823cd5b5d27c0f4b8256e7c12ee3e6d) Importer(815301076,1909f56bfc062723c751e8b465ee728b)
Start importing Packages/com.unity.render-pipelines.universal/Runtime/Materials/ParticlesUnlit.mat using Guid(e823cd5b5d27c0f4b8256e7c12ee3e6d) Importer(815301076,1909f56bfc062723c751e8b465ee728b)  -> (artifact id: 'bcc60868f769a043adf262d7e4341335') in 0.016721 seconds
  Import took 0.022715 seconds .

========================================================================
Received Import Request.
  Time since last request: 0.000199 seconds.
  path: Packages/com.unity.render-pipelines.universal/Runtime/Materials/TerrainLit.mat
  artifactKey: Guid(594ea882c5a793440b60ff72d896021e) Importer(815301076,1909f56bfc062723c751e8b465ee728b)
Start importing Packages/com.unity.render-pipelines.universal/Runtime/Materials/TerrainLit.mat using Guid(594ea882c5a793440b60ff72d896021e) Importer(815301076,1909f56bfc062723c751e8b465ee728b)  -> (artifact id: '74be2b513fecd0ba89cb314580cb3746') in 0.349900 seconds
  Import took 0.356637 seconds .

========================================================================
Received Import Request.
  Time since last request: 0.000181 seconds.
  path: Packages/com.unity.render-pipelines.universal/Runtime/Materials/ParticlesUnlit.mat
  artifactKey: Guid(e823cd5b5d27c0f4b8256e7c12ee3e6d) Importer(815301076,1909f56bfc062723c751e8b465ee728b)
Start importing Packages/com.unity.render-pipelines.universal/Runtime/Materials/ParticlesUnlit.mat using Guid(e823cd5b5d27c0f4b8256e7c12ee3e6d) Importer(815301076,1909f56bfc062723c751e8b465ee728b)  -> (artifact id: 'bcc60868f769a043adf262d7e4341335') in 0.007481 seconds
  Import took 0.013831 seconds .

========================================================================
Received Import Request.
  Time since last request: 0.000243 seconds.
  path: Packages/com.unity.render-pipelines.universal/Runtime/Materials/Sprite-Unlit-Default.mat
  artifactKey: Guid(9dfc825aed78fcd4ba02077103263b40) Importer(815301076,1909f56bfc062723c751e8b465ee728b)
Start importing Packages/com.unity.render-pipelines.universal/Runtime/Materials/Sprite-Unlit-Default.mat using Guid(9dfc825aed78fcd4ba02077103263b40) Importer(815301076,1909f56bfc062723c751e8b465ee728b)  -> (artifact id: 'ea658e3edd41ca6a0ef89cd0f5fac5ec') in 0.042128 seconds
  Import took 0.048287 seconds .

========================================================================
Received Import Request.
  Time since last request: 0.000234 seconds.
  path: Packages/com.unity.render-pipelines.universal/Runtime/Materials/SimpleLit.mat
  artifactKey: Guid(6a1143ee683302f4aa628c052723efc1) Importer(815301076,1909f56bfc062723c751e8b465ee728b)
Start importing Packages/com.unity.render-pipelines.universal/Runtime/Materials/SimpleLit.mat using Guid(6a1143ee683302f4aa628c052723efc1) Importer(815301076,1909f56bfc062723c751e8b465ee728b)  -> (artifact id: '52037253107568fdd07cfd024cacc290') in 0.299927 seconds
  Import took 0.305807 seconds .

========================================================================
Received Import Request.
  Time since last request: 0.000190 seconds.
  path: Packages/com.unity.render-pipelines.universal/Runtime/Materials/Sprite-Lit-Default.mat
  artifactKey: Guid(a97c105638bdf8b4a8650670310a4cd3) Importer(815301076,1909f56bfc062723c751e8b465ee728b)
Start importing Packages/com.unity.render-pipelines.universal/Runtime/Materials/Sprite-Lit-Default.mat using Guid(a97c105638bdf8b4a8650670310a4cd3) Importer(815301076,1909f56bfc062723c751e8b465ee728b)  -> (artifact id: '1d123814914e2697eac270f711e5b871') in 0.012716 seconds
  Import took 0.018481 seconds .

========================================================================
Received Import Request.
  Time since last request: 0.000235 seconds.
  path: Packages/com.unity.render-pipelines.universal/Runtime/Materials/SimpleLit.mat
  artifactKey: Guid(6a1143ee683302f4aa628c052723efc1) Importer(815301076,1909f56bfc062723c751e8b465ee728b)
Start importing Packages/com.unity.render-pipelines.universal/Runtime/Materials/SimpleLit.mat using Guid(6a1143ee683302f4aa628c052723efc1) Importer(815301076,1909f56bfc062723c751e8b465ee728b)  -> (artifact id: '52037253107568fdd07cfd024cacc290') in 0.009947 seconds
  Import took 0.016165 seconds .

========================================================================
Received Import Request.
  Time since last request: 0.000204 seconds.
  path: Packages/com.unity.render-pipelines.universal/Runtime/Materials/Lit.mat
  artifactKey: Guid(31321ba15b8f8eb4c954353edc038b1d) Importer(815301076,1909f56bfc062723c751e8b465ee728b)
Start importing Packages/com.unity.render-pipelines.universal/Runtime/Materials/Lit.mat using Guid(31321ba15b8f8eb4c954353edc038b1d) Importer(815301076,1909f56bfc062723c751e8b465ee728b)  -> (artifact id: 'ba3edffa4c92ac0bfb49391e51f5d258') in 0.007603 seconds
  Import took 0.013505 seconds .

AssetImportWorkerClient::OnTransportError - code=2 error=End of file
