Using pre-set license
Built from '2020.2/release' branch; Version is '2020.2.1f1 (270dd8c3da1c) revision 2559448'; Using compiler version '192528614'; Build Type 'Release'
OS: 'Windows 10  (10.0.0) 64bit' Language: 'es' Physical Memory: 32693 MB
BatchMode: 1, IsHumanControllingUs: 0, StartBugReporterOnCrash: 0, Is64bit: 1, IsPro: 0

 COMMAND LINE ARGUMENTS:
C:\Program Files\Unity\Hub\Editor\2020.2.1f1\Editor\Unity.exe
-adb2
-batchMode
-noUpm
-name
AssetImportWorker0
-projectPath
C:/Users/migue/Documents/GitHub/Blaster.Unity/Blaster.Unity
-logFile
Logs/AssetImportWorker0.log
-srvPort
61561
Successfully changed project path to: C:/Users/migue/Documents/GitHub/Blaster.Unity/Blaster.Unity
C:/Users/migue/Documents/GitHub/Blaster.Unity/Blaster.Unity
Using Asset Import Pipeline V2.
Refreshing native plugins compatible for Editor in 79.09 ms, found 1 plugins.
Preloading 0 native plugins for Editor in 0.00 ms.
Initialize engine version: 2020.2.1f1 (270dd8c3da1c)
[Subsystems] Discovering subsystems at path C:/Program Files/Unity/Hub/Editor/2020.2.1f1/Editor/Data/Resources/UnitySubsystems
[Subsystems] Discovering subsystems at path C:/Users/migue/Documents/GitHub/Blaster.Unity/Blaster.Unity/Assets
GfxDevice: creating device client; threaded=0
Direct3D:
    Version:  Direct3D 11.0 [level 11.1]
    Renderer: NVIDIA GeForce RTX 2070 SUPER (ID=0x1e84)
    Vendor:   
    VRAM:     8011 MB
    Driver:   27.21.14.5671
Shader 'Universal Render Pipeline/Particles/Lit': fallback shader 'Universal Render Pipeline/Particles/SimpleLit' not found
Shader 'Hidden/AstarPathfindingProject/Navmesh Outline': fallback shader 'None' not found
Initialize mono
Mono path[0] = 'C:/Program Files/Unity/Hub/Editor/2020.2.1f1/Editor/Data/Managed'
Mono path[1] = 'C:/Program Files/Unity/Hub/Editor/2020.2.1f1/Editor/Data/MonoBleedingEdge/lib/mono/unityjit'
Mono config path = 'C:/Program Files/Unity/Hub/Editor/2020.2.1f1/Editor/Data/MonoBleedingEdge/etc'
Using monoOptions --debugger-agent=transport=dt_socket,embedding=1,server=y,suspend=n,address=127.0.0.1:56260
Begin MonoManager ReloadAssembly
Registering precompiled unity dll's ...
Register platform support module: C:/Program Files/Unity/Hub/Editor/2020.2.1f1/Editor/Data/PlaybackEngines/WindowsStandaloneSupport/UnityEditor.WindowsStandalone.Extensions.dll
Registered in 0.001230 seconds.
Native extension for WindowsStandalone target not found
Refreshing native plugins compatible for Editor in 74.88 ms, found 1 plugins.
Preloading 0 native plugins for Editor in 0.00 ms.
Invoked RoslynAnalysisRunner static constructor.
RoslynAnalysisRunner will not be running.
RoslynAnalysisRunner has terminated.
Mono: successfully reloaded assembly
- Completed reload, in  0.775 seconds
Platform modules already initialized, skipping
Registering precompiled user dll's ...
Registered in 0.012021 seconds.
Begin MonoManager ReloadAssembly
Native extension for WindowsStandalone target not found
Refreshing native plugins compatible for Editor in 80.45 ms, found 1 plugins.
Preloading 0 native plugins for Editor in 0.00 ms.
(AutoPlayFirstSceneAtStartOfGame) constructor called, scene count: 1
UnityEngine.StackTraceUtility:ExtractStackTrace ()
UnityEngine.DebugLogHandler:LogFormat (UnityEngine.LogType,UnityEngine.Object,string,object[])
UnityEngine.Logger:Log (UnityEngine.LogType,object)
UnityEngine.Debug:Log (object)
BlueOrb.Editor.AutoPlayFirstSceneAtStartOfGame:.cctor () (at C:/Projects/Blaster.Source/src/BlueOrb.Editor/AutoPlayFirstSceneAtStartOfGame.cs:18)
System.Runtime.CompilerServices.RuntimeHelpers:RunClassConstructor (System.RuntimeTypeHandle)
UnityEditor.EditorAssemblies:ProcessInitializeOnLoadAttributes (System.Type[])

(Filename: C:/Projects/Blaster.Source/src/BlueOrb.Editor/AutoPlayFirstSceneAtStartOfGame.cs Line: 18)

(AutoPlayFirstSceneAtStartOfGame) Setting next scene to 
UnityEngine.StackTraceUtility:ExtractStackTrace ()
UnityEngine.DebugLogHandler:LogFormat (UnityEngine.LogType,UnityEngine.Object,string,object[])
UnityEngine.Logger:Log (UnityEngine.LogType,object)
UnityEngine.Debug:Log (object)
BlueOrb.Editor.AutoPlayFirstSceneAtStartOfGame:.cctor () (at C:/Projects/Blaster.Source/src/BlueOrb.Editor/AutoPlayFirstSceneAtStartOfGame.cs:52)
System.Runtime.CompilerServices.RuntimeHelpers:RunClassConstructor (System.RuntimeTypeHandle)
UnityEditor.EditorAssemblies:ProcessInitializeOnLoadAttributes (System.Type[])

(Filename: C:/Projects/Blaster.Source/src/BlueOrb.Editor/AutoPlayFirstSceneAtStartOfGame.cs Line: 52)

(AutoPlayFirstSceneAtStartOfGame) playModeStartScene = Assets/Blaster Assets/_Scenes/Base/Game Controller.unity
UnityEngine.StackTraceUtility:ExtractStackTrace ()
UnityEngine.DebugLogHandler:LogFormat (UnityEngine.LogType,UnityEngine.Object,string,object[])
UnityEngine.Logger:Log (UnityEngine.LogType,object)
UnityEngine.Debug:Log (object)
BlueOrb.Editor.AutoPlayFirstSceneAtStartOfGame:.cctor () (at C:/Projects/Blaster.Source/src/BlueOrb.Editor/AutoPlayFirstSceneAtStartOfGame.cs:53)
System.Runtime.CompilerServices.RuntimeHelpers:RunClassConstructor (System.RuntimeTypeHandle)
UnityEditor.EditorAssemblies:ProcessInitializeOnLoadAttributes (System.Type[])

(Filename: C:/Projects/Blaster.Source/src/BlueOrb.Editor/AutoPlayFirstSceneAtStartOfGame.cs Line: 53)

Invoked RoslynAnalysisRunner static constructor.
RoslynAnalysisRunner will not be running.
RoslynAnalysisRunner has terminated.
Mono: successfully reloaded assembly
- Completed reload, in  1.027 seconds
Platform modules already initialized, skipping
========================================================================
Worker process is ready to serve import requests
Shader 'Hidden/AstarPathfindingProject/Navmesh Outline': fallback shader 'None' not found
Shader 'Universal Render Pipeline/Particles/Lit': fallback shader 'Universal Render Pipeline/Particles/SimpleLit' not found
Launched and connected shader compiler UnityShaderCompiler.exe after 0.02 seconds
Refreshing native plugins compatible for Editor in 0.91 ms, found 1 plugins.
Preloading 0 native plugins for Editor in 0.00 ms.
Unloading 5227 Unused Serialized files (Serialized files now loaded: 0)
System memory in use before: 253.8 MB.
System memory in use after: 254.0 MB.

Unloading 51 unused Assets to reduce memory usage. Loaded Objects now: 5919.
Total: 2.529300 ms (FindLiveObjects: 0.458100 ms CreateObjectMapping: 0.278800 ms MarkObjects: 1.686300 ms  DeleteObjects: 0.105200 ms)

========================================================================
Received Import Request.
  path: Assets/Blaster Assets/Roland/Materials/m_Shooter.mat
  artifactKey: Guid(be6a46bea01823341a96189ddb4b534a) Importer(815301076,1909f56bfc062723c751e8b465ee728b)
Start importing Assets/Blaster Assets/Roland/Materials/m_Shooter.mat using Guid(be6a46bea01823341a96189ddb4b534a) Importer(815301076,1909f56bfc062723c751e8b465ee728b)  -> (artifact id: '1400fb7a70f824df502288c42f71ff5e') in 0.146368 seconds
  Import took 0.153334 seconds .

========================================================================
Received Import Request.
  Time since last request: 0.000307 seconds.
  path: Assets/Blaster Assets/Roland/Materials/M_RolandsClothes.mat
  artifactKey: Guid(95ef6107aec6b1042b5414da0b259d8d) Importer(815301076,1909f56bfc062723c751e8b465ee728b)
Start importing Assets/Blaster Assets/Roland/Materials/M_RolandsClothes.mat using Guid(95ef6107aec6b1042b5414da0b259d8d) Importer(815301076,1909f56bfc062723c751e8b465ee728b)  -> (artifact id: '80295f21fc49b3dca61ff1d4b2d02fe9') in 0.028837 seconds
  Import took 0.035372 seconds .

========================================================================
Received Import Request.
  Time since last request: 0.000240 seconds.
  path: Assets/Blaster Assets/Roland/Materials/M_RolandsBody.mat
  artifactKey: Guid(03addaa950258a84ba9b512d5db52f31) Importer(815301076,1909f56bfc062723c751e8b465ee728b)
Start importing Assets/Blaster Assets/Roland/Materials/M_RolandsBody.mat using Guid(03addaa950258a84ba9b512d5db52f31) Importer(815301076,1909f56bfc062723c751e8b465ee728b)  -> (artifact id: '858c8457f29be42bb56083c9d15ea173') in 0.029006 seconds
  Import took 0.035141 seconds .

========================================================================
Received Import Request.
  Time since last request: 831.525337 seconds.
  path: Assets/Blaster Assets/VFX/Shooter/MuzzleFlash Prefabs/MF_RegularlProjectile.prefab
  artifactKey: Guid(8dfdde457b25bc242975118390eccc02) Importer(815301076,1909f56bfc062723c751e8b465ee728b)
Start importing Assets/Blaster Assets/VFX/Shooter/MuzzleFlash Prefabs/MF_RegularlProjectile.prefab using Guid(8dfdde457b25bc242975118390eccc02) Importer(815301076,1909f56bfc062723c751e8b465ee728b)  -> (artifact id: '2ed9133e27a859e16b439ad0788d90a8') in 0.047643 seconds
  Import took 0.055949 seconds .

========================================================================
Received Import Request.
  Time since last request: 73.479932 seconds.
  path: Assets/Blaster Assets/VFX/Shooter/Projectiles Prefabs/Regular Projectile.prefab
  artifactKey: Guid(d1a08894f010256499274899fbccb802) Importer(815301076,1909f56bfc062723c751e8b465ee728b)
Start importing Assets/Blaster Assets/VFX/Shooter/Projectiles Prefabs/Regular Projectile.prefab using Guid(d1a08894f010256499274899fbccb802) Importer(815301076,1909f56bfc062723c751e8b465ee728b)  -> (artifact id: 'd6439c0aefd59e85a6fba31221a5b7b4') in 0.018453 seconds
  Import took 0.025614 seconds .

========================================================================
Received Import Request.
  Time since last request: 84.834442 seconds.
  path: Assets/Blaster Assets/VFX/Shooter/Impact Prefabs/ImpactEnemy_Default.prefab
  artifactKey: Guid(709dac3532b9b9e48973973ec8e98063) Importer(815301076,1909f56bfc062723c751e8b465ee728b)
Start importing Assets/Blaster Assets/VFX/Shooter/Impact Prefabs/ImpactEnemy_Default.prefab using Guid(709dac3532b9b9e48973973ec8e98063) Importer(815301076,1909f56bfc062723c751e8b465ee728b)  -> (artifact id: '0a31d8d38244feccc50310923dab88dc') in 0.007237 seconds
  Import took 0.015037 seconds .

========================================================================
Received Import Request.
  Time since last request: 7.909051 seconds.
  path: Assets/Blaster Assets/VFX/Shooter/Impact Prefabs/ImpactEnemy_Default.prefab
  artifactKey: Guid(709dac3532b9b9e48973973ec8e98063) Importer(815301076,1909f56bfc062723c751e8b465ee728b)
Start importing Assets/Blaster Assets/VFX/Shooter/Impact Prefabs/ImpactEnemy_Default.prefab using Guid(709dac3532b9b9e48973973ec8e98063) Importer(815301076,1909f56bfc062723c751e8b465ee728b)  -> (artifact id: '8dd9536bbbd1ef692eca0473ac934bc9') in 0.003080 seconds
  Import took 0.010643 seconds .

========================================================================
Received Import Request.
  Time since last request: 38.941651 seconds.
  path: Assets/Blaster Assets/VFX/Shooter/Impact Prefabs/ImpactEnemy_Regular.prefab
  artifactKey: Guid(709dac3532b9b9e48973973ec8e98063) Importer(815301076,1909f56bfc062723c751e8b465ee728b)
Start importing Assets/Blaster Assets/VFX/Shooter/Impact Prefabs/ImpactEnemy_Regular.prefab using Guid(709dac3532b9b9e48973973ec8e98063) Importer(815301076,1909f56bfc062723c751e8b465ee728b)  -> (artifact id: '6e3cde7446f8a14865112577389eefa3') in 0.007069 seconds
  Import took 0.015757 seconds .

========================================================================
Received Import Request.
  Time since last request: 3262.617605 seconds.
  path: Assets/Blaster Assets/VFX/Shooter/Impact Prefabs/Impact_BombExplosion.prefab
  artifactKey: Guid(05b5145855fc7dd4cbf6899b2167bc3c) Importer(815301076,1909f56bfc062723c751e8b465ee728b)
Start importing Assets/Blaster Assets/VFX/Shooter/Impact Prefabs/Impact_BombExplosion.prefab using Guid(05b5145855fc7dd4cbf6899b2167bc3c) Importer(815301076,1909f56bfc062723c751e8b465ee728b)  -> (artifact id: '469321a0300b1bbbe8423c8db7faf339') in 0.021895 seconds
  Import took 0.030928 seconds .

AssetImportWorkerClient::OnTransportError - code=2 error=End of file
